<testsuites id="" name="" tests="4" failures="0" skipped="0" errors="0" time="17.380492999999998">
<testsuite name="auth.setup.ts" timestamp="2025-03-14T00:17:48.601Z" hostname="setup" tests="1" failures="0" skipped="0" time="5.375" errors="0">
<testcase name="[setup] authenticate for source demo" classname="auth.setup.ts" time="5.375">
</testcase>
</testsuite>
<testsuite name="saucelab.spec.ts" timestamp="2025-03-14T00:17:48.601Z" hostname="chromium" tests="3" failures="0" skipped="0" time="19.552" errors="0">
<testcase name="[chromium] sauce deom" classname="saucelab.spec.ts" time="5.778">
</testcase>
<testcase name="[chromium] cart" classname="saucelab.spec.ts" time="9.755">
</testcase>
<testcase name="[chromium] backpack test in slow motion" classname="saucelab.spec.ts" time="4.019">
</testcase>
</testsuite>
</testsuites>