<testsuites id="" name="" tests="2" failures="0" skipped="0" errors="0" time="15.754107999999999">
<testsuite name="auth.setup.ts" timestamp="2025-05-30T01:34:19.802Z" hostname="setup" tests="1" failures="0" skipped="0" time="4.299" errors="0">
<testcase name="[setup] authenticate for source demo" classname="auth.setup.ts" time="4.299">
</testcase>
</testsuite>
<testsuite name="interseptCalls.spec.ts" timestamp="2025-05-30T01:34:19.802Z" hostname="chromium" tests="1" failures="0" skipped="0" time="9.034" errors="0">
<testcase name="[chromium] intercept calls with response" classname="interseptCalls.spec.ts" time="9.034">
</testcase>
</testsuite>
</testsuites>